Determining if the pthread_create exist failed with the following output:
Change Dir: /home/dinhcuong/Desktop/slam_robot/build/CMakeFiles/CMakeTmp

Run Build Command:"/usr/bin/make" "cmTC_09918/fast"
/usr/bin/make -f CMakeFiles/cmTC_09918.dir/build.make CMakeFiles/cmTC_09918.dir/build
make[1]: Entering directory '/home/dinhcuong/Desktop/slam_robot/build/CMakeFiles/CMakeTmp'
Building C object CMakeFiles/cmTC_09918.dir/CheckSymbolExists.c.o
/usr/bin/cc    -o CMakeFiles/cmTC_09918.dir/CheckSymbolExists.c.o   -c /home/dinhcuong/Desktop/slam_robot/build/CMakeFiles/CMakeTmp/CheckSymbolExists.c
Linking C executable cmTC_09918
/usr/bin/cmake -E cmake_link_script CMakeFiles/cmTC_09918.dir/link.txt --verbose=1
/usr/bin/cc      -rdynamic CMakeFiles/cmTC_09918.dir/CheckSymbolExists.c.o  -o cmTC_09918 
CMakeFiles/cmTC_09918.dir/CheckSymbolExists.c.o: In function `main':
CheckSymbolExists.c:(.text+0x14): undefined reference to `pthread_create'
CheckSymbolExists.c:(.text+0x18): undefined reference to `pthread_create'
collect2: error: ld returned 1 exit status
CMakeFiles/cmTC_09918.dir/build.make:97: recipe for target 'cmTC_09918' failed
make[1]: *** [cmTC_09918] Error 1
make[1]: Leaving directory '/home/dinhcuong/Desktop/slam_robot/build/CMakeFiles/CMakeTmp'
Makefile:126: recipe for target 'cmTC_09918/fast' failed
make: *** [cmTC_09918/fast] Error 2

File /home/dinhcuong/Desktop/slam_robot/build/CMakeFiles/CMakeTmp/CheckSymbolExists.c:
/* */
#include <pthread.h>

int main(int argc, char** argv)
{
  (void)argv;
#ifndef pthread_create
  return ((int*)(&pthread_create))[argc];
#else
  (void)argc;
  return 0;
#endif
}

Determining if the function pthread_create exists in the pthreads failed with the following output:
Change Dir: /home/dinhcuong/Desktop/slam_robot/build/CMakeFiles/CMakeTmp

Run Build Command:"/usr/bin/make" "cmTC_18f12/fast"
/usr/bin/make -f CMakeFiles/cmTC_18f12.dir/build.make CMakeFiles/cmTC_18f12.dir/build
make[1]: Entering directory '/home/dinhcuong/Desktop/slam_robot/build/CMakeFiles/CMakeTmp'
Building C object CMakeFiles/cmTC_18f12.dir/CheckFunctionExists.c.o
/usr/bin/cc   -DCHECK_FUNCTION_EXISTS=pthread_create   -o CMakeFiles/cmTC_18f12.dir/CheckFunctionExists.c.o   -c /usr/share/cmake-3.10/Modules/CheckFunctionExists.c
Linking C executable cmTC_18f12
/usr/bin/cmake -E cmake_link_script CMakeFiles/cmTC_18f12.dir/link.txt --verbose=1
/usr/bin/cc  -DCHECK_FUNCTION_EXISTS=pthread_create    -rdynamic CMakeFiles/cmTC_18f12.dir/CheckFunctionExists.c.o  -o cmTC_18f12 -lpthreads 
/usr/bin/ld: cannot find -lpthreads
collect2: error: ld returned 1 exit status
CMakeFiles/cmTC_18f12.dir/build.make:97: recipe for target 'cmTC_18f12' failed
make[1]: *** [cmTC_18f12] Error 1
make[1]: Leaving directory '/home/dinhcuong/Desktop/slam_robot/build/CMakeFiles/CMakeTmp'
Makefile:126: recipe for target 'cmTC_18f12/fast' failed
make: *** [cmTC_18f12/fast] Error 2


